Log file open, 05/18/17 20:44:59
LogInit:Display: Running engine for game: Jhj0518
LogPlatformFile: Not using cached read wrapper
LogInit:Display: RandInit(-929006831) SRandInit(-929006831).
LogTaskGraph: Started task graph with 5 named threads and 8 total threads with 1 sets of task threads.
LogStats: Stats thread started at 0.102495
LogInit: Using libcurl 7.47.1
LogInit:  - built for x86_64-pc-win32
LogInit:  - supports SSL with OpenSSL/1.0.2g
LogInit:  - supports HTTP deflate (compression) using libz 1.2.8
LogInit:  - other features:
LogInit:      CURL_VERSION_SSL
LogInit:      CURL_VERSION_LIBZ
LogInit:      CURL_VERSION_IPV6
LogInit:      CURL_VERSION_ASYNCHDNS
LogInit:      CURL_VERSION_LARGEFILE
LogInit:      CURL_VERSION_IDN
LogInit:  CurlRequestOptions (configurable via config and command line):
LogInit:  - bVerifyPeer = false  - Libcurl will NOT verify peer certificate
LogInit:  - bUseHttpProxy = false  - Libcurl will NOT use HTTP proxy
LogInit:  - bDontReuseConnections = false  - Libcurl will reuse connections
LogInit:  - CertBundlePath = nullptr  - Libcurl will use whatever was configured at build time.
LogInit: Build: ++UE4+Release-4.15-CL-3348071
LogInit: Engine Version: 4.15.1-3348071+++UE4+Release-4.15
LogInit: Compatible Engine Version: 4.15.0-3299760+++UE4+Release-4.15
LogInit: Net CL: 3299760
LogDevObjectVersion: Number of dev versions registered: 14
LogDevObjectVersion:   Dev-Blueprints (B0D832E4-1F89-4F0D-ACCF-7EB736FD4AA2): 8
LogDevObjectVersion:   Dev-Build (E1C64328-A22C-4D53-A36C-8E866417BD8C): 0
LogDevObjectVersion:   Dev-Core (375EC13C-06E4-48FB-B500-84F0262A717E): 2
LogDevObjectVersion:   Dev-Editor (E4B068ED-F494-42E9-A231-DA0B2E46BB41): 14
LogDevObjectVersion:   Dev-Framework (CFFC743F-43B0-4480-9391-14DF171D2073): 22
LogDevObjectVersion:   Dev-Mobile (B02B49B5-BB20-44E9-A304-32B752E40360): 0
LogDevObjectVersion:   Dev-Networking (A4E4105C-59A1-49B5-A7C5-40C4547EDFEE): 0
LogDevObjectVersion:   Dev-Online (39C831C9-5AE6-47DC-9A44-9C173E1C8E7C): 0
LogDevObjectVersion:   Dev-Physics (78F01B33-EBEA-4F98-B9B4-84EACCB95AA2): 0
LogDevObjectVersion:   Dev-Platform (6631380F-2D4D-43E0-8009-CF276956A95A): 0
LogDevObjectVersion:   Dev-Rendering (12F88B9F-8875-4AFC-A67C-D90C383ABD29): 12
LogDevObjectVersion:   Dev-Sequencer (7B5AE74C-D270-4C10-A958-57980B212A5A): 3
LogDevObjectVersion:   Dev-VR (D7296918-1DD6-4BDD-9DE2-64A83CC13884): 0
LogDevObjectVersion:   Dev-LoadTimes (C2A15278-BFE7-4AFE-6C17-90FF531DF755): 1
LogInit: Compiled (64-bit): Mar 15 2017 16:52:47
LogInit: Compiled with Visual C++: 19.00.23026.00
LogInit: Build Configuration: Development
LogInit: Branch Name: ++UE4+Release-4.15
LogInit: Command line:  
LogInit: Base directory: C:/Program Files/Epic Games/UE_4.15/Engine/Binaries/Win64/
LogInit: Installed Engine Build: 1
LogInit: Presizing for max 8388607 objects, including 0 objects not considered by GC, pre-allocating 0 bytes for permanent pool.
LogInit: Object subsystem initialized
[2017.05.18-11.45.01:099][  0]LogInit: Selected Device Profile: [Windows]
[2017.05.18-11.45.01:099][  0]LogInit: Applying CVar settings loaded from the selected device profile: [Windows]
[2017.05.18-11.45.01:111][  0]LogInit: Computer: DESKTOP-3D07M8N
[2017.05.18-11.45.01:111][  0]LogInit: User: neonc
[2017.05.18-11.45.01:111][  0]LogInit: CPU Page size=65536, Cores=4
[2017.05.18-11.45.01:111][  0]LogInit: High frequency timer resolution =3.914065 MHz
[2017.05.18-11.45.01:111][  0]LogMemory: Memory total: Physical=16.0GB (16GB approx)
[2017.05.18-11.45.01:111][  0]LogMemory: Platform Memory Stats for Windows
[2017.05.18-11.45.01:111][  0]LogMemory: Process Physical Memory: 264.65 MB used, 264.65 MB peak
[2017.05.18-11.45.01:111][  0]LogMemory: Process Virtual Memory: 262.76 MB used, 262.76 MB peak
[2017.05.18-11.45.01:111][  0]LogMemory: Physical Memory: 5979.63 MB used,  10367.13 MB free, 16346.76 MB total
[2017.05.18-11.45.01:111][  0]LogMemory: Virtual Memory: 644.65 MB used,  10367.13 MB free, 134217728.00 MB total
[2017.05.18-11.45.01:436][  0]LogTextLocalizationManager: No specific translations for ('ko-KR') exist, so ('ko') translations will be used.
[2017.05.18-11.45.01:475][  0]LogTextLocalizationManager:Warning: Loaded localization resources contain conflicting entries for (Namespace:KismetSchema, Key:Default):
Localization Resource: (C:/Program Files/Epic Games/UE_4.15/Engine/Content/Localization/EditorTutorials/ko/EditorTutorials.locres) Source String Hash: (940523119) Localized String: (디폴트)
Localization Resource: (C:/Program Files/Epic Games/UE_4.15/Engine/Content/Localization/Engine/ko/Engine.locres) Source String Hash: (940523119) Localized String: (기본)
[2017.05.18-11.45.01:475][  0]LogTextLocalizationManager:Warning: Loaded localization resources contain conflicting entries for (Namespace:UObjectToolTips, Key:AnimNode_AssetPlayerBase:InternalTimeAccumulator):
Localization Resource: (C:/Program Files/Epic Games/UE_4.15/Engine/Content/Localization/EditorTutorials/ko/EditorTutorials.locres) Source String Hash: (502993589) Localized String: (이 노드에서 애셋을 레퍼런싱하는 데 사용되는 누적 시간입니다.)
Localization Resource: (C:/Program Files/Epic Games/UE_4.15/Engine/Content/Localization/ToolTips/ko/ToolTips.locres) Source String Hash: (502993589) Localized String: (내부 시간 누산기 - 이 노드에서 애셋을 레퍼런싱하는 데 사용된 누적 시간입니다.)
Localization Resource: (C:/Program Files/Epic Games/UE_4.15/Engine/Content/Localization/Engine/ko/Engine.locres) Source String Hash: (502993589) Localized String: (이 노드에서 애셋을 레퍼런싱하는 데 사용된 누적 시간입니다.)
[2017.05.18-11.45.01:475][  0]LogTextLocalizationManager:Warning: Loaded localization resources contain conflicting entries for (Namespace:UObjectToolTips, Key:AnimNode_AssetPlayerBase:bIgnoreForRelevancyTest):
Localization Resource: (C:/Program Files/Epic Games/UE_4.15/Engine/Content/Localization/EditorTutorials/ko/EditorTutorials.locres) Source String Hash: (319969718) Localized String: (True 면, 스테이트에서 최고 가중치 애니메이션을 찾는 "Relevant anim" 노드는 이 노드를 무시합니다.
 )
Localization Resource: (C:/Program Files/Epic Games/UE_4.15/Engine/Content/Localization/ToolTips/ko/ToolTips.locres) Source String Hash: (319969718) Localized String: (연관성 테스트에 무시 - true 인 경우 스테이트 내 최고 웨이팅된 애니메이션을 찾는 "Relevant anim" (연관 애님) 노드가
이 노드를 무시합니다.)
Localization Resource: (C:/Program Files/Epic Games/UE_4.15/Engine/Content/Localization/Engine/ko/Engine.locres) Source String Hash: (319969718) Localized String: (True 면 스테이트 내 최고 웨이팅된 애니메이션을 찾는 "Relevant anim" 노드가 무시됩니다.
 )
[2017.05.18-11.45.01:475][  0]LogTextLocalizationManager:Warning: Loaded localization resources contain conflicting entries for (Namespace:UObjectToolTips, Key:AnimNode_AssetPlayerBase:BlendWeight):
Localization Resource: (C:/Program Files/Epic Games/UE_4.15/Engine/Content/Localization/EditorTutorials/ko/EditorTutorials.locres) Source String Hash: (-1232800293) Localized String: (이 노드에 마지막 걸린 블렌드웨이트 입니다.)
Localization Resource: (C:/Program Files/Epic Games/UE_4.15/Engine/Content/Localization/ToolTips/ko/ToolTips.locres) Source String Hash: (-1232800293) Localized String: (블렌드 웨이트 - 이 노드에 대해 마지막으로 접한 블렌드 웨이트입니다.)
Localization Resource: (C:/Program Files/Epic Games/UE_4.15/Engine/Content/Localization/Engine/ko/Engine.locres) Source String Hash: (-1232800293) Localized String: (이 노드에 대해 마지막 접한 블렌드 웨이트)
[2017.05.18-11.45.01:475][  0]LogTextLocalizationManager:Warning: Loaded localization resources contain conflicting entries for (Namespace:UObjectToolTips, Key:AnimNode_BlendSpacePlayer:bLoop):
Localization Resource: (C:/Program Files/Epic Games/UE_4.15/Engine/Content/Localization/EditorTutorials/ko/EditorTutorials.locres) Source String Hash: (2133979316) Localized String: (애니메이션이 끝까지 재생되면 반복할까요?)
Localization Resource: (C:/Program Files/Epic Games/UE_4.15/Engine/Content/Localization/ToolTips/ko/ToolTips.locres) Source String Hash: (2133979316) Localized String: (루프 - 애니메이션이 끝에 도달했을 때 계속 반복할까요?)
[2017.05.18-11.45.01:475][  0]LogTextLocalizationManager:Warning: Loaded localization resources contain conflicting entries for (Namespace:UObjectToolTips, Key:AnimNode_StateMachine:bSkipFirstUpdateTransition):
Localization Resource: (C:/Program Files/Epic Games/UE_4.15/Engine/Content/Localization/EditorTutorials/ko/EditorTutorials.locres) Source String Hash: (1865475011) Localized String: (첫 업데이트시 도입 상태에서의 트랜지션을 건너뛸까요? 
기본은 true 로, 첫 업데이트시에는 트랜지션 데이터를 버립니다.)
Localization Resource: (C:/Program Files/Epic Games/UE_4.15/Engine/Content/Localization/ToolTips/ko/ToolTips.locres) Source String Hash: (1865475011) Localized String: (첫 번째 업데이트 트랜지션 건너뛰기 - 첫 번째 업데이트에서 입력 스테이트의 트랜지션을 건너뜁니까?
디폴트는 true 고 첫 번째 업데이트의 트랜지션 데이터를 버립니다.)
[2017.05.18-11.45.01:475][  0]LogTextLocalizationManager:Warning: Loaded localization resources contain conflicting entries for (Namespace:UObjectToolTips, Key:AnimNode_BlendSpacePlayer:X):
Localization Resource: (C:/Program Files/Epic Games/UE_4.15/Engine/Content/Localization/EditorTutorials/ko/EditorTutorials.locres) Source String Hash: (2060772590) Localized String: (블렌드스페이스에서 샘플링할 X 좌표입니다.)
Localization Resource: (C:/Program Files/Epic Games/UE_4.15/Engine/Content/Localization/ToolTips/ko/ToolTips.locres) Source String Hash: (2060772590) Localized String: (X - 블렌드스페이스 샘플의 X 좌표입니다.)
[2017.05.18-11.45.01:475][  0]LogTextLocalizationManager:Warning: Loaded localization resources contain conflicting entries for (Namespace:UObjectToolTips, Key:AnimNode_BlendSpacePlayer:Y):
Localization Resource: (C:/Program Files/Epic Games/UE_4.15/Engine/Content/Localization/EditorTutorials/ko/EditorTutorials.locres) Source String Hash: (-1719607538) Localized String: (블렌드스페이스에서 샘플링할 Y 좌표입니다.)
Localization Resource: (C:/Program Files/Epic Games/UE_4.15/Engine/Content/Localization/ToolTips/ko/ToolTips.locres) Source String Hash: (-1719607538) Localized String: (Y - 블렌드스페이스 샘플의 Y 좌표입니다.)
[2017.05.18-11.45.01:475][  0]LogTextLocalizationManager:Warning: Loaded localization resources contain conflicting entries for (Namespace:UObjectToolTips, Key:AnimNode_BlendSpacePlayer:Z):
Localization Resource: (C:/Program Files/Epic Games/UE_4.15/Engine/Content/Localization/EditorTutorials/ko/EditorTutorials.locres) Source String Hash: (1728943471) Localized String: (블렌드스페이스에서 샘플링할 Z 좌표입니다.)
Localization Resource: (C:/Program Files/Epic Games/UE_4.15/Engine/Content/Localization/ToolTips/ko/ToolTips.locres) Source String Hash: (1728943471) Localized String: (Z - 블렌드스페이스 샘플의 Z 좌표입니다.)
[2017.05.18-11.45.01:475][  0]LogTextLocalizationManager:Warning: Loaded localization resources contain conflicting entries for (Namespace:UObjectToolTips, Key:AnimNode_BlendSpacePlayer:BlendSpace):
Localization Resource: (C:/Program Files/Epic Games/UE_4.15/Engine/Content/Localization/EditorTutorials/ko/EditorTutorials.locres) Source String Hash: (1599043277) Localized String: (재생할 블렌드스페이스 애셋입니다.)
Localization Resource: (C:/Program Files/Epic Games/UE_4.15/Engine/Content/Localization/ToolTips/ko/ToolTips.locres) Source String Hash: (1599043277) Localized String: (블렌드스페이스 - 재생할 블렌드스페이스 애셋입니다.)
[2017.05.18-11.45.01:475][  0]LogTextLocalizationManager:Warning: Loaded localization resources contain conflicting entries for (Namespace:UObjectToolTips, Key:AnimNode_StateMachine:MaxTransitionsPerFrame):
Localization Resource: (C:/Program Files/Epic Games/UE_4.15/Engine/Content/Localization/EditorTutorials/ko/EditorTutorials.locres) Source String Hash: (1567650430) Localized String: (이 머신에서 한 프레임 내 '동시에' 취할 수 있는 트랜지션 최대 수입니다.)
Localization Resource: (C:/Program Files/Epic Games/UE_4.15/Engine/Content/Localization/ToolTips/ko/ToolTips.locres) Source String Hash: (1567650430) Localized String: (프레임 당 최대 트랜지션 - 한 프레임에서 이 머신이 동시에 취할 수 있는 트랜지션 최대 수입니다.)
[2017.05.18-11.45.01:475][  0]LogTextLocalizationManager:Warning: Loaded localization resources contain conflicting entries for (Namespace:UObjectToolTips, Key:AnimNode_BlendSpacePlayer:PlayRate):
Localization Resource: (C:/Program Files/Epic Games/UE_4.15/Engine/Content/Localization/EditorTutorials/ko/EditorTutorials.locres) Source String Hash: (-1274923958) Localized String: (재생 속도 배수입니다. 음수가 되면 애니메이션을 역순으로 재생하게 됩니다.)
Localization Resource: (C:/Program Files/Epic Games/UE_4.15/Engine/Content/Localization/ToolTips/ko/ToolTips.locres) Source String Hash: (-1274923958) Localized String: (재생 속도 - 재생 속도 배수입니다. 음수가 되면 애니메이션을 거꾸로 재생합니다.)
[2017.05.18-11.45.01:475][  0]LogTextLocalizationManager:Warning: Loaded localization resources contain conflicting entries for (Namespace:UObjectToolTips, Key:AnimNode_BlendSpacePlayer:StartPosition):
Localization Resource: (C:/Program Files/Epic Games/UE_4.15/Engine/Content/Localization/EditorTutorials/ko/EditorTutorials.locres) Source String Hash: (-207153555) Localized String: (시작 위치 범위는 [0,1] 이며, 재초기화시에만 적용됩니다.
루핑을 하면, 1 회전 후 0.f 부터 시작할 것입니다.)
Localization Resource: (C:/Program Files/Epic Games/UE_4.15/Engine/Content/Localization/ToolTips/ko/ToolTips.locres) Source String Hash: (-207153555) Localized String: (시작 위치 - [0, 1] 범위의 시작 위치로, 재초기화할 때만 적용됩니다.
반복하면 1회전 후 0.f 부터 시작됩니다.)
[2017.05.18-11.45.01:475][  0]LogTextLocalizationManager:Warning: Loaded localization resources contain conflicting entries for (Namespace:UObjectToolTips, Key:CameraFilmbackSettings:SensorWidth):
Localization Resource: (C:/Program Files/Epic Games/UE_4.15/Engine/Content/Localization/ToolTips/ko/ToolTips.locres) Source String Hash: (-1448580153) Localized String: (센서 폭 - 필름백 또는 디지털 센서의 가로 크기로, mm 단위입니다.)
Localization Resource: (C:/Program Files/Epic Games/UE_4.15/Engine/Content/Localization/Engine/ko/Engine.locres) Source String Hash: (-1448580153) Localized String: (필름백 또는 디지털 센서의 가로 크기로, mm 단위입니다.)
[2017.05.18-11.45.01:475][  0]LogTextLocalizationManager:Warning: Loaded localization resources contain conflicting entries for (Namespace:UObjectToolTips, Key:CameraFilmbackSettings:SensorAspectRatio):
Localization Resource: (C:/Program Files/Epic Games/UE_4.15/Engine/Content/Localization/ToolTips/ko/ToolTips.locres) Source String Hash: (-194807515) Localized String: (센서 종횡비 - 읽기 전용입니다. 센서 치수에서 계산했습니다.)
Localization Resource: (C:/Program Files/Epic Games/UE_4.15/Engine/Content/Localization/Engine/ko/Engine.locres) Source String Hash: (-194807515) Localized String: (읽기 전용입니다. 센서 크기에서 계산했습니다.)
[2017.05.18-11.45.01:475][  0]LogTextLocalizationManager:Warning: Loaded localization resources contain conflicting entries for (Namespace:UObjectToolTips, Key:AnimNode_SequencePlayer:bLoopAnimation):
Localization Resource: (C:/Program Files/Epic Games/UE_4.15/Engine/Content/Localization/ToolTips/ko/ToolTips.locres) Source String Hash: (2133979316) Localized String: (루프 - 애니메이션이 끝에 도달했을 때 계속 반복시켜야 할까요?)
Localization Resource: (C:/Program Files/Epic Games/UE_4.15/Engine/Content/Localization/Engine/ko/Engine.locres) Source String Hash: (2133979316) Localized String: (애니메이션이 끝에 도달하면 계속해서 루핑시킬것인지 입니다.)
[2017.05.18-11.45.01:475][  0]LogTextLocalizationManager:Warning: Loaded localization resources contain conflicting entries for (Namespace:UObjectToolTips, Key:AnimNode_SequencePlayer:Sequence):
Localization Resource: (C:/Program Files/Epic Games/UE_4.15/Engine/Content/Localization/ToolTips/ko/ToolTips.locres) Source String Hash: (421436424) Localized String: (시퀀스 - 재생할 애니메이션 시퀀스 애셋입니다.)
Localization Resource: (C:/Program Files/Epic Games/UE_4.15/Engine/Content/Localization/Engine/ko/Engine.locres) Source String Hash: (421436424) Localized String: (재생할 애니메이션 시퀀스 애셋입니다.)
[2017.05.18-11.45.01:475][  0]LogTextLocalizationManager:Warning: Loaded localization resources contain conflicting entries for (Namespace:UObjectToolTips, Key:AnimNode_SequencePlayer:PlayRate):
Localization Resource: (C:/Program Files/Epic Games/UE_4.15/Engine/Content/Localization/ToolTips/ko/ToolTips.locres) Source String Hash: (-1274923958) Localized String: (재생 속도 - 재생 속도 배수입니다. 음수가 될 수 있으며, 그러면 애니메이션이 거꾸로 재생됩니다.)
Localization Resource: (C:/Program Files/Epic Games/UE_4.15/Engine/Content/Localization/Engine/ko/Engine.locres) Source String Hash: (-1274923958) Localized String: (플레이 속도 배수입니다. 음수가 되면 애니메이션이 역방향으로 재생됩니다.)
[2017.05.18-11.45.01:475][  0]LogTextLocalizationManager:Warning: Loaded localization resources contain conflicting entries for (Namespace:UObjectToolTips, Key:AnimNode_SequencePlayer:StartPosition):
Localization Resource: (C:/Program Files/Epic Games/UE_4.15/Engine/Content/Localization/ToolTips/ko/ToolTips.locres) Source String Hash: (771611000) Localized String: (시작 위치 - 시작 위치로 재초기화할 때만 적용됩니다.
반복하면, 1회전 후 0.f 부터 시작됩니다.)
Localization Resource: (C:/Program Files/Epic Games/UE_4.15/Engine/Content/Localization/Engine/ko/Engine.locres) Source String Hash: (771611000) Localized String: (시작 위치로, 재초기화시에만 적용됩니다.
루핑을 하면, 1회전 후 0.f 부터 시작할 것입니다.)
[2017.05.18-11.45.01:475][  0]LogTextLocalizationManager:Warning: Loaded localization resources contain conflicting entries for (Namespace:UObjectToolTips, Key:CameraFilmbackSettings:SensorHeight):
Localization Resource: (C:/Program Files/Epic Games/UE_4.15/Engine/Content/Localization/ToolTips/ko/ToolTips.locres) Source String Hash: (-1311569777) Localized String: (센서 높이 - 필름백 또는 디지털 센서의 세로 크기로, mm 단위입니다.)
Localization Resource: (C:/Program Files/Epic Games/UE_4.15/Engine/Content/Localization/Engine/ko/Engine.locres) Source String Hash: (-1311569777) Localized String: (필름백 또는 디지털 센서의 세로 크기로, mm 단위입니다.)
[2017.05.18-11.45.02:189][  0]LogD3D11RHI: D3D11 adapters:
[2017.05.18-11.45.02:611][  0]LogD3D11RHI:    0. 'NVIDIA GeForce GTX 660' (Feature Level 11_0)
[2017.05.18-11.45.02:611][  0]LogD3D11RHI:       2016/0/8173 MB DedicatedVideo/DedicatedSystem/SharedSystem, Outputs:2, VendorId:0x10de
[2017.05.18-11.45.02:613][  0]LogD3D11RHI:    1. 'Microsoft Basic Render Driver' (Feature Level 11_0)
[2017.05.18-11.45.02:613][  0]LogD3D11RHI:       0/0/8173 MB DedicatedVideo/DedicatedSystem/SharedSystem, Outputs:0, VendorId:0x1414
[2017.05.18-11.45.02:613][  0]LogD3D11RHI: Chosen D3D11 Adapter: 0
[2017.05.18-11.45.02:617][  0]LogD3D11RHI: Creating new Direct3DDevice
[2017.05.18-11.45.02:617][  0]LogD3D11RHI:     GPU DeviceId: 0x11c0 (for the marketing name, search the web for "GPU Device Id")
[2017.05.18-11.45.02:617][  0]LogWindows: EnumDisplayDevices:
[2017.05.18-11.45.02:617][  0]LogWindows:    0. 'NVIDIA GeForce GTX 660' (P:1 D:1)
[2017.05.18-11.45.02:617][  0]LogWindows:    1. 'NVIDIA GeForce GTX 660' (P:0 D:1)
[2017.05.18-11.45.02:618][  0]LogWindows:    2. 'NVIDIA GeForce GTX 660' (P:0 D:0)
[2017.05.18-11.45.02:618][  0]LogWindows:    3. 'NVIDIA GeForce GTX 660' (P:0 D:0)
[2017.05.18-11.45.02:619][  0]LogWindows: DebugString: FoundDriverCount:4 
[2017.05.18-11.45.02:619][  0]LogD3D11RHI:     Adapter Name: NVIDIA GeForce GTX 660
[2017.05.18-11.45.02:619][  0]LogD3D11RHI:   Driver Version: 376.53 (internal:21.21.13.7653, unified:376.53)
[2017.05.18-11.45.02:619][  0]LogD3D11RHI:      Driver Date: 12-29-2016
[2017.05.18-11.45.02:619][  0]LogRHI: Texture pool is 1361 MB (70% of 1945 MB)
[2017.05.18-11.45.03:007][  0]LogD3D11RHI:Warning: Timestamp queries are currently disabled on this hardware due to instability. Realtime GPU stats will not be available. You can override this behaviour by setting r.NVIDIATimestampWorkaround to 0
[2017.05.18-11.45.03:008][  0]LogD3D11RHI: Async texture creation enabled
[2017.05.18-11.45.03:063][  0]LogD3D11RHI: GPU Timing Frequency: 1000.000000 (Debug: 2 2)
[2017.05.18-11.45.03:165][  0]LogShaderCompilers: Guid format shader working directory is -12 characters bigger than the processId version (../../../../../../Users/neonc/Desktop/해오라기/Jhj0518/Jhj0518/Intermediate/Shaders/WorkingDirectory/3752/).
[2017.05.18-11.45.03:165][  0]LogShaderCompilers: Cleaned the shader compiler working directory 'C:/Users/neonc/AppData/Local/Temp/UnrealShaderWorkingDir/7BA5B44B4D1B7A0D127C70A6148060BA/'.
[2017.05.18-11.45.03:165][  0]LogShaderCompilers:Display: Using Local Shader Compiler.
[2017.05.18-11.45.04:521][  0]LogTemp:Display: Loaded TP AllDesktopTargetPlatform
[2017.05.18-11.45.04:702][  0]LogTemp:Display: Loaded TP MacClientTargetPlatform
[2017.05.18-11.45.04:883][  0]LogTemp:Display: Loaded TP MacNoEditorTargetPlatform
[2017.05.18-11.45.05:063][  0]LogTemp:Display: Loaded TP MacServerTargetPlatform
[2017.05.18-11.45.05:244][  0]LogTemp:Display: Loaded TP MacTargetPlatform
[2017.05.18-11.45.05:424][  0]LogTemp:Display: Loaded TP WindowsClientTargetPlatform
[2017.05.18-11.45.05:603][  0]LogTemp:Display: Loaded TP WindowsNoEditorTargetPlatform
[2017.05.18-11.45.05:789][  0]LogTemp:Display: Loaded TP WindowsServerTargetPlatform
[2017.05.18-11.45.05:965][  0]LogTemp:Display: Loaded TP WindowsTargetPlatform
[2017.05.18-11.45.06:144][  0]LogTemp:Display: Loaded TP AndroidTargetPlatform
[2017.05.18-11.45.06:321][  0]LogTemp:Display: Loaded TP Android_ASTCTargetPlatform
[2017.05.18-11.45.06:500][  0]LogTemp:Display: Loaded TP Android_ATCTargetPlatform
[2017.05.18-11.45.06:680][  0]LogTemp:Display: Loaded TP Android_DXTTargetPlatform
[2017.05.18-11.45.06:863][  0]LogTemp:Display: Loaded TP Android_ETC1TargetPlatform
[2017.05.18-11.45.07:040][  0]LogTemp:Display: Loaded TP Android_ETC2TargetPlatform
[2017.05.18-11.45.07:396][  0]LogTemp:Display: Loaded TP Android_MultiTargetPlatform
[2017.05.18-11.45.07:396][  0]LogTemp:Display: Loaded TP Android_PVRTCTargetPlatform
[2017.05.18-11.45.07:560][  0]LogTemp:Display: Loaded TP HTML5TargetPlatform
[2017.05.18-11.45.07:867][  0]LogTemp:Display: Loaded TP IOSTargetPlatform
[2017.05.18-11.45.07:982][  0]LogTemp:Display: Loaded TP TVOSTargetPlatform
[2017.05.18-11.45.08:161][  0]LogTemp:Display: Loaded TP LinuxClientTargetPlatform
[2017.05.18-11.45.08:341][  0]LogTemp:Display: Loaded TP LinuxNoEditorTargetPlatform
[2017.05.18-11.45.08:521][  0]LogTemp:Display: Loaded TP LinuxServerTargetPlatform
[2017.05.18-11.45.08:700][  0]LogTemp:Display: Loaded TP LinuxTargetPlatform
[2017.05.18-11.45.08:700][  0]LogTargetPlatformManager:Display: Building Assets For Windows
[2017.05.18-11.45.10:570][  0]LogDerivedDataCache:Display: Max Cache Size: 512 MB
[2017.05.18-11.45.10:608][  0]LogDerivedDataCache: Loaded boot cache 0.04s 50MB C:/Users/neonc/AppData/Local/UnrealEngine/4.15/DerivedDataCache/Boot.ddc.
[2017.05.18-11.45.10:608][  0]LogDerivedDataCache:Display: Loaded Boot cache: C:/Users/neonc/AppData/Local/UnrealEngine/4.15/DerivedDataCache/Boot.ddc
[2017.05.18-11.45.10:608][  0]LogDerivedDataCache: FDerivedDataBackendGraph:  Pak pak cache file ../../../../../../Users/neonc/Desktop/해오라기/Jhj0518/Jhj0518/DerivedDataCache/DDC.ddp not found, will not use a pak cache.
[2017.05.18-11.45.10:608][  0]LogDerivedDataCache: Unable to find inner node Pak for hierarchical cache Hierarchy.
[2017.05.18-11.45.10:609][  0]LogDerivedDataCache: FDerivedDataBackendGraph:  CompressedPak pak cache file ../../../../../../Users/neonc/Desktop/해오라기/Jhj0518/Jhj0518/DerivedDataCache/Compressed.ddp not found, will not use a pak cache.
[2017.05.18-11.45.10:609][  0]LogDerivedDataCache: Unable to find inner node CompressedPak for hierarchical cache Hierarchy.
[2017.05.18-11.45.10:624][  0]LogDerivedDataCache:Display: Pak cache opened for reading ../../../Engine/DerivedDataCache/Compressed.ddp.
[2017.05.18-11.45.10:636][  0]LogDerivedDataCache: Using Local data cache path C:/Users/neonc/AppData/Local/UnrealEngine/Common/DerivedDataCache: Writable
[2017.05.18-11.45.10:643][  0]LogSlate: Using Freetype 2.6.0
[2017.05.18-11.45.10:644][  0]LogSlate: SlateFontCache - WITH_FREETYPE: 1, WITH_HARFBUZZ: 1
[2017.05.18-11.45.10:644][  0]LogSlate: SlateFontCache - WITH_FREETYPE: 1, WITH_HARFBUZZ: 1
[2017.05.18-11.45.10:969][  0]LogInit: Selected Device Profile: [Windows]
[2017.05.18-11.45.10:971][  0]LogContentStreaming: Texture pool size is 0.00 MB
[2017.05.18-11.45.11:485][  0]LogMeshUtilities: Using QuadricMeshReduction for automatic static mesh reduction
[2017.05.18-11.45.11:668][  0]LogSimplygon: Simplygon DLL not present - disabling.
[2017.05.18-11.45.11:848][  0]LogMeshUtilities: Using SimplygonSwarm for distributed automatic mesh merging
[2017.05.18-11.45.11:848][  0]LogMeshUtilities: No automatic skeletal mesh reduction module available
[2017.05.18-11.45.11:848][  0]LogMeshUtilities: No automatic mesh merging module available
[2017.05.18-11.45.12:826][  0]LogNetVersion: GetLocalNetworkVersion: CL: 3299760, ProjectName: jhj0518, ProjectVersion: , EngineNetworkVersion: 2, GameNetworkVersion: 0, NetworkChecksum: 1899147307
[2017.05.18-11.45.12:949][  0]LogAssetRegistry: FAssetRegistry took 0.0218 seconds to start up
[2017.05.18-11.45.13:091][  0]LogPackageLocalizationCache: Processed 3 localized package path(s) for 2 prioritized culture(s) in 0.041197 seconds
[2017.05.18-11.45.13:096][  0]LogUObjectArray: 32493 objects as part of root set at end of initial load.
[2017.05.18-11.45.13:096][  0]LogUObjectAllocator: 7077032 out of 0 bytes used by permanent object pool.
[2017.05.18-11.45.13:096][  0]LogUObjectArray: CloseDisregardForGC: 0/0 objects in disregard for GC pool
[2017.05.18-11.45.13:428][  0]LogInit: WinSock: version 1.1 (2.2), MaxSocks=32767, MaxUdp=65467
[2017.05.18-11.45.18:365][  0]LogTcpMessaging: Initializing TcpMessaging bridge
[2017.05.18-11.45.18:488][  0]LogUdpMessaging: Initializing bridge on interface 0.0.0.0:0 to multicast group 230.0.0.1:6666.
[2017.05.18-11.45.20:007][  0]LogMaterial: Uniform references updated for custom material expression Custom.
[2017.05.18-11.45.21:285][  0]SourceControl: 정보 소스 콘트롤이 꺼졌습니다.
[2017.05.18-11.45.21:324][  0]SourceControl: 정보 소스 콘트롤이 꺼졌습니다.
[2017.05.18-11.45.21:509][  0]SourceControl: 정보 소스 콘트롤이 꺼졌습니다.
[2017.05.18-11.45.21:689][  0]SourceControl: 정보 소스 콘트롤이 꺼졌습니다.
[2017.05.18-11.45.26:346][  0]LogEngine: Initializing Engine...
[2017.05.18-11.45.26:347][  0]LogHMD: Failed to initialize OpenVR with code 110
[2017.05.18-11.45.26:951][  0]LogAIModule: Creating AISystem for world Untitled
[2017.05.18-11.45.26:975][  0]LogInit: XAudio2 using '스피커(High Definition Audio 장치)' : 2 channels at 44.1 kHz using 16 bits per sample (channel mask 0x3)
[2017.05.18-11.45.27:004][  0]LogInit: FAudioDevice initialized.
[2017.05.18-11.45.27:027][  0]LogDerivedDataCache: Saved boot cache 0.02s 50MB C:/Users/neonc/AppData/Local/UnrealEngine/4.15/DerivedDataCache/Boot.ddc.
[2017.05.18-11.45.27:029][  0]LogInit: Texture streaming: Enabled
[2017.05.18-11.45.27:457][  0]LogEngineSessionManager: EngineSessionManager initialized
[2017.05.18-11.45.27:813][  0]LogInit: Transaction tracking system initialized
[2017.05.18-11.45.29:295][  0]BlueprintLog: New page: 에디터 로드
[2017.05.18-11.45.33:037][  0]LocalizationService: 정보 현지화 서비스가 비활성화되었습니다.
[2017.05.18-11.45.35:771][  0]LogConsoleResponse:Display: 
[2017.05.18-11.45.35:990][  0]LogCook:Display: Max memory allowance for cook 16384mb min free memory 0mb
[2017.05.18-11.45.35:990][  0]LogCook:Display: Mobile HDR setting 1
[2017.05.18-11.45.36:552][  0]LogFileCache: Scanning file cache for directory 'C:/Users/neonc/Desktop/해오라기/Jhj0518/Jhj0518/Content/' took 0.01s
[2017.05.18-11.45.40:075][  0]SourceControl: 정보 소스 콘트롤이 꺼졌습니다.
[2017.05.18-11.45.40:076][  0]Cmd: MAP LOAD FILE="../../../Engine/Content/Maps/Templates/Template_Default.umap" TEMPLATE=1 SHOWPROGRESS=1 FEATURELEVEL=3
[2017.05.18-11.45.40:076][  0]LightingResults: New page: 라이팅 빌드
[2017.05.18-11.45.40:245][  0]MapCheck: New page: 맵 체크
[2017.05.18-11.45.40:245][  0]LightingResults: New page: 라이팅 빌드
[2017.05.18-11.45.40:396][  0]LogAIModule: Creating AISystem for world Untitled_1
[2017.05.18-11.45.40:410][  0]LogActorComponent: RegisterComponentWithWorld: (/Temp/Untitled_1.Untitled_1:PersistentLevel.WorldSettings_1.StaticMeshComponent0) Trying to register component with IsPendingKill() == true. Aborting.
[2017.05.18-11.45.40:415][  0]LogEditorServer: Finished looking for orphan Actors (0.000 secs)
[2017.05.18-11.45.40:418][  0]Cmd: MAP CHECKDEP NOCLEARLOG
[2017.05.18-11.45.40:518][  0]MapCheck: 정보 맵 체크 완료: 오류 0 회, 경고 0 회, 소요 시간 98.825ms.
[2017.05.18-11.45.40:518][  0]LogFileHelpers: Loading map 'Template_Default' took 0.442
[2017.05.18-11.45.40:594][  0]LogWindowsTextInputMethodSystem:Display: IME system now activated using TSF (Microsoft 입력기).
[2017.05.18-11.45.40:780][  0]LogCollectionManager: Loaded 0 collections in 0.001493 seconds
[2017.05.18-11.45.40:991][  0]LogFileCache: Scanning file cache for directory 'C:/Users/neonc/Desktop/해오라기/Jhj0518/Jhj0518/Saved/Collections/' took 0.01s
[2017.05.18-11.45.40:991][  0]LogFileCache: Scanning file cache for directory 'C:/Users/neonc/Desktop/해오라기/Jhj0518/Jhj0518/Content/Developers/neonc/Collections/' took 0.01s
[2017.05.18-11.45.40:991][  0]LogFileCache: Scanning file cache for directory 'C:/Users/neonc/Desktop/해오라기/Jhj0518/Jhj0518/Content/Collections/' took 0.01s
[2017.05.18-11.45.40:991][  0]LogCollectionManager: Rebuilt the GUID cache for 0 collections in 0.000001 seconds
[2017.05.18-11.45.41:000][  0]LogContentBrowser: Native class hierarchy populated in 0.0083 seconds. Added 2245 classes and 453 folders.
[2017.05.18-11.45.41:003][  0]LogStats: UGameplayTagsManager::ConstructGameplayTagTree: Construct from data asset -  0.000 s
[2017.05.18-11.45.41:003][  0]LogStats: UGameplayTagsManager::ConstructGameplayTagTree: GameplayTagTreeChangedEvent.Broadcast -  0.000 s
[2017.05.18-11.45.41:273][  0]LogContentBrowser: Native class hierarchy updated for 'WidgetCarousel' in 0.0004 seconds. Added 0 classes and 0 folders.
[2017.05.18-11.45.41:325][  0]LogContentBrowser: Native class hierarchy updated for 'AddContentDialog' in 0.0004 seconds. Added 0 classes and 0 folders.
[2017.05.18-11.45.41:495][  0]LogContentBrowser: Native class hierarchy updated for 'SceneOutliner' in 0.0004 seconds. Added 1 classes and 2 folders.
[2017.05.18-11.45.41:677][  0]LogCrashTracker: Crashtracker disabled due to settings.
[2017.05.18-11.45.41:682][  0]LogUObjectGlobals:Warning: 'Class 없음.' 오브젝트를 찾는 데 실패했습니다.
[2017.05.18-11.45.41:888][  0]LogContentBrowser: Native class hierarchy updated for 'HierarchicalLODOutliner' in 0.0004 seconds. Added 1 classes and 2 folders.
[2017.05.18-11.45.41:888][  0]LogLoad: (Engine Initialization) Total time: 44.21 seconds
[2017.05.18-11.45.41:888][  0]LogLoad: (Engine Initialization) Total Blueprint compile time: 0.21 seconds
[2017.05.18-11.45.41:888][  0]LogExternalProfiler: Found external profiler: VSPerf
[2017.05.18-11.45.41:888][  0]LogExternalProfiler: Using external profiler: VSPerf
[2017.05.18-11.45.41:898][  0]LogOcInput: OculusInput pre-init called
[2017.05.18-11.45.41:912][  0]LogAssetRegistry: Asset discovery search completed in 28.9856 seconds
[2017.05.18-11.45.41:912][  0]LogCollectionManager: Rebuilt the object cache for 0 collections in 0.000003 seconds (found 0 objects)
[2017.05.18-11.45.41:912][  0]LogCollectionManager: Fixed up redirectors for 0 collections in 0.000013 seconds (updated 0 objects)
[2017.05.18-11.45.41:917][  0]LogContentStreaming: Texture pool size now 1000 MB
[2017.05.18-11.45.41:924][  0]LogSlate: Took 0.000284 seconds to synchronously load lazily loaded font '../../../Engine/Content/Slate/Fonts/Roboto-Regular.ttf' (155K)
[2017.05.18-11.45.41:928][  0]LogSlate: Took 0.002452 seconds to synchronously load lazily loaded font '../../../Engine/Content/Slate/Fonts/NanumGothic.ttf' (4243K)
[2017.05.18-11.45.41:929][  0]LogSlate: Took 0.000301 seconds to synchronously load lazily loaded font '../../../Engine/Content/Slate/Fonts/Roboto-Bold.ttf' (160K)
[2017.05.18-11.45.41:934][  0]LogSlate: Took 0.000244 seconds to synchronously load lazily loaded font '../../../Engine/Content/Editor/Slate/Fonts/FontAwesome.ttf' (139K)
[2017.05.18-11.45.42:065][  0]LogRenderer: Reallocating scene render targets to support 1208x648 NumSamples 1 (Frame:2).
[2017.05.18-11.46.28:689][561]LogActorFactory: Actor Factory created Cube
[2017.05.18-11.46.29:192][619]LogActorFactory: Actor Factory created Cube
[2017.05.18-11.46.30:938][816]LogSlate: Took 0.000259 seconds to synchronously load lazily loaded font '../../../Engine/Content/Slate/Fonts/Roboto-Light.ttf' (159K)
[2017.05.18-11.46.36:074][816]Cmd: OBJ SAVEPACKAGE PACKAGE="/Game/Maps/level1" FILE="../../../../../../Users/neonc/Desktop/해오라기/Jhj0518/Jhj0518/Content/Maps/level1.umap" SILENT=true AUTOSAVING=false KEEPDIRTY=false
[2017.05.18-11.46.36:114][816]LogSavePackage: Save=29.83ms
[2017.05.18-11.46.36:114][816]LogSavePackage: Moving '../../../../../../Users/neonc/Desktop/해오라기/Jhj0518/Jhj0518/Saved/level13F31B69B48B8B7E3E46A488F602BF2FB.tmp' to '../../../../../../Users/neonc/Desktop/해오라기/Jhj0518/Jhj0518/Content/Maps/level1.umap'
[2017.05.18-11.46.36:120][816]LogSavePackage:Display: Finished SavePackage ../../../../../../Users/neonc/Desktop/해오라기/Jhj0518/Jhj0518/Content/Maps/level1.umap
[2017.05.18-11.46.36:145][816]LogFileHelpers: Saving map 'level1' took 0.352
[2017.05.18-11.46.36:252][828]LogSlate: Took 0.000238 seconds to synchronously load lazily loaded font '../../../Engine/Content/Slate/Fonts/Roboto-Light.ttf' (159K)
[2017.05.18-11.46.43:118][627]LogWindowsTextInputMethodSystem:Display: IME system now activated using TSF (Microsoft 입력기).
[2017.05.18-11.46.43:367][628]Cmd: QUIT_EDITOR
[2017.05.18-11.46.43:420][628]LogExit: Preparing to exit.
[2017.05.18-11.46.43:625][628]LogDirectoryWatcher: A directory notification for 'C:/Users/neonc/Desktop/해오라기/Jhj0518/Jhj0518/Content/' was aborted.
[2017.05.18-11.46.43:637][628]LogExit: Editor shut down
[2017.05.18-11.46.43:637][628]LogExit: Transaction tracking system shut down
[2017.05.18-11.46.43:677][628]LogObj: Freed 0b from 0 cluster array pools.
[2017.05.18-11.46.43:677][628]LogExit: Object subsystem successfully closed.
[2017.05.18-11.46.43:694][628]LogD3D11RHI: Shutdown
[2017.05.18-11.46.43:694][628]LogD3D11RHI: CleanupD3DDevice
[2017.05.18-11.46.43:743][628]LogD3D11RHI: ~FD3D11DynamicRHI
[2017.05.18-11.46.43:788][628]LogModuleManager: Shutting down and abandoning module HierarchicalLODOutliner (498)
[2017.05.18-11.46.43:788][628]LogModuleManager: Shutting down and abandoning module CrashTracker (496)
[2017.05.18-11.46.43:788][628]LogModuleManager: Shutting down and abandoning module SceneOutliner (494)
[2017.05.18-11.46.43:788][628]LogModuleManager: Shutting down and abandoning module AddContentDialog (492)
[2017.05.18-11.46.43:788][628]LogDirectoryWatcher: A directory notification for 'C:/Program Files/Epic Games/UE_4.15/FeaturePacks/' was aborted.
[2017.05.18-11.46.43:789][628]LogModuleManager: Shutting down and abandoning module WidgetCarousel (491)
[2017.05.18-11.46.43:789][628]LogModuleManager: Shutting down and abandoning module EditorWidgets (488)
[2017.05.18-11.46.43:789][628]LogModuleManager: Shutting down and abandoning module CollectionManager (486)
[2017.05.18-11.46.43:789][628]LogDirectoryWatcher: A directory notification for 'C:/Users/neonc/Desktop/해오라기/Jhj0518/Jhj0518/Content/Collections/' was aborted.
[2017.05.18-11.46.43:789][628]LogDirectoryWatcher: A directory notification for 'C:/Users/neonc/Desktop/해오라기/Jhj0518/Jhj0518/Content/Developers/neonc/Collections/' was aborted.
[2017.05.18-11.46.43:789][628]LogDirectoryWatcher: A directory notification for 'C:/Users/neonc/Desktop/해오라기/Jhj0518/Jhj0518/Saved/Collections/' was aborted.
[2017.05.18-11.46.43:789][628]LogModuleManager: Shutting down and abandoning module StatsViewer (484)
[2017.05.18-11.46.43:789][628]LogModuleManager: Shutting down and abandoning module FoliageEdit (482)
[2017.05.18-11.46.43:789][628]LogModuleManager: Shutting down and abandoning module LandscapeEditor (480)
[2017.05.18-11.46.43:789][628]LogModuleManager: Shutting down and abandoning module SceneDepthPickerMode (478)
[2017.05.18-11.46.43:789][628]LogModuleManager: Shutting down and abandoning module ActorPickerMode (476)
[2017.05.18-11.46.43:789][628]LogModuleManager: Shutting down and abandoning module GeometryMode (474)
[2017.05.18-11.46.43:789][628]LogModuleManager: Shutting down and abandoning module TextureAlignMode (472)
[2017.05.18-11.46.43:789][628]LogModuleManager: Shutting down and abandoning module BspMode (470)
[2017.05.18-11.46.43:789][628]LogModuleManager: Shutting down and abandoning module HardwareSurvey (468)
[2017.05.18-11.46.43:789][628]LogModuleManager: Shutting down and abandoning module SequenceRecorderSections (466)
[2017.05.18-11.46.43:789][628]LogModuleManager: Shutting down and abandoning module AutomationWorker (464)
[2017.05.18-11.46.43:789][628]LogModuleManager: Shutting down and abandoning module MatineeToLevelSequence (462)
[2017.05.18-11.46.43:789][628]LogModuleManager: Shutting down and abandoning module LevelSequenceEditor (460)
[2017.05.18-11.46.43:789][628]LogModuleManager: Shutting down and abandoning module PlacementMode (459)
[2017.05.18-11.46.43:789][628]LogModuleManager: Shutting down and abandoning module WmfMediaFactory (456)
[2017.05.18-11.46.43:789][628]LogModuleManager: Shutting down and abandoning module WmfMediaEditor (454)
[2017.05.18-11.46.43:789][628]LogModuleManager: Shutting down and abandoning module MfMediaFactory (452)
[2017.05.18-11.46.43:789][628]LogModuleManager: Shutting down and abandoning module MfMediaEditor (450)
[2017.05.18-11.46.43:789][628]LogModuleManager: Shutting down and abandoning module AvfMediaFactory (448)
[2017.05.18-11.46.43:789][628]LogModuleManager: Shutting down and abandoning module AvfMediaEditor (446)
[2017.05.18-11.46.43:789][628]LogModuleManager: Shutting down and abandoning module AndroidMediaFactory (444)
[2017.05.18-11.46.43:789][628]LogModuleManager: Shutting down and abandoning module Media (443)
[2017.05.18-11.46.43:789][628]LogModuleManager: Shutting down and abandoning module AndroidMediaEditor (440)
[2017.05.18-11.46.43:789][628]LogModuleManager: Shutting down and abandoning module CharacterAI (438)
[2017.05.18-11.46.43:789][628]LogModuleManager: Shutting down and abandoning module AudioCapture (436)
[2017.05.18-11.46.43:789][628]LogModuleManager: Shutting down and abandoning module SequenceRecorder (435)
[2017.05.18-11.46.43:789][628]LogModuleManager: Shutting down and abandoning module SmartSnapping (432)
[2017.05.18-11.46.43:789][628]LogModuleManager: Shutting down and abandoning module SessionServices (430)
[2017.05.18-11.46.43:789][628]LogModuleManager: Shutting down and abandoning module ViewportSnapping (428)
[2017.05.18-11.46.43:789][628]LogModuleManager: Shutting down and abandoning module ViewportInteraction (426)
[2017.05.18-11.46.43:789][628]LogModuleManager: Shutting down and abandoning module LogVisualizer (424)
[2017.05.18-11.46.43:789][628]LogModuleManager: Shutting down and abandoning module IntroTutorials (422)
[2017.05.18-11.46.43:789][628]LogModuleManager: Shutting down and abandoning module GameProjectGeneration (421)
[2017.05.18-11.46.43:789][628]LogModuleManager: Shutting down and abandoning module EditorLiveStreaming (418)
[2017.05.18-11.46.43:789][628]LogModuleManager: Shutting down and abandoning module IOSPlatformEditor (416)
[2017.05.18-11.46.43:789][628]LogModuleManager: Shutting down and abandoning module HTML5PlatformEditor (414)
[2017.05.18-11.46.43:789][628]LogModuleManager: Shutting down and abandoning module AndroidPlatformEditor (412)
[2017.05.18-11.46.43:789][628]LogModuleManager: Shutting down and abandoning module AndroidDeviceDetection (411)
[2017.05.18-11.46.44:586][628]LogModuleManager: Shutting down and abandoning module IOSRuntimeSettings (408)
[2017.05.18-11.46.44:586][628]LogModuleManager: Shutting down and abandoning module AndroidRuntimeSettings (406)
[2017.05.18-11.46.44:586][628]LogModuleManager: Shutting down and abandoning module InputBindingEditor (404)
[2017.05.18-11.46.44:586][628]LogModuleManager: Shutting down and abandoning module NiagaraEditor (402)
[2017.05.18-11.46.44:586][628]LogModuleManager: Shutting down and abandoning module MergeActors (400)
[2017.05.18-11.46.44:586][628]LogModuleManager: Shutting down and abandoning module SizeMap (398)
[2017.05.18-11.46.44:586][628]LogModuleManager: Shutting down and abandoning module TreeMap (396)
[2017.05.18-11.46.44:586][628]LogModuleManager: Shutting down and abandoning module ReferenceViewer (394)
[2017.05.18-11.46.44:586][628]LogModuleManager: Shutting down and abandoning module LocalizationDashboard (392)
[2017.05.18-11.46.44:586][628]LogModuleManager: Shutting down and abandoning module LocalizationService (391)
[2017.05.18-11.46.44:587][628]LogModuleManager: Shutting down and abandoning module HardwareTargeting (388)
[2017.05.18-11.46.44:587][628]LogModuleManager: Shutting down and abandoning module DeviceProfileEditor (386)
[2017.05.18-11.46.44:587][628]LogModuleManager: Shutting down and abandoning module UndoHistory (384)
[2017.05.18-11.46.44:587][628]LogModuleManager: Shutting down and abandoning module UserFeedback (382)
[2017.05.18-11.46.44:587][628]LogModuleManager: Shutting down and abandoning module XmlParser (380)
[2017.05.18-11.46.44:587][628]LogModuleManager: Shutting down and abandoning module Blutility (378)
[2017.05.18-11.46.44:587][628]LogModuleManager: Shutting down and abandoning module ProjectSettingsViewer (376)
[2017.05.18-11.46.44:587][628]LogModuleManager: Shutting down and abandoning module ProjectTargetPlatformEditor (375)
[2017.05.18-11.46.44:587][628]LogModuleManager: Shutting down and abandoning module EditorSettingsViewer (372)
[2017.05.18-11.46.44:587][628]LogModuleManager: Shutting down and abandoning module SettingsEditor (370)
[2017.05.18-11.46.44:587][628]LogModuleManager: Shutting down and abandoning module ProjectLauncher (368)
[2017.05.18-11.46.44:587][628]LogModuleManager: Shutting down and abandoning module SessionFrontend (366)
[2017.05.18-11.46.44:587][628]LogModuleManager: Shutting down and abandoning module ProfilerClient (364)
[2017.05.18-11.46.44:587][628]LogModuleManager: Shutting down and abandoning module DeviceManager (362)
[2017.05.18-11.46.44:587][628]LogModuleManager: Shutting down and abandoning module TargetDeviceServices (361)
[2017.05.18-11.46.44:628][628]LogModuleManager: Shutting down and abandoning module AutomationController (358)
[2017.05.18-11.46.44:628][628]LogModuleManager: Shutting down and abandoning module AutomationWindow (356)
[2017.05.18-11.46.44:628][628]LogModuleManager: Shutting down and abandoning module Layers (354)
[2017.05.18-11.46.44:628][628]LogModuleManager: Shutting down and abandoning module ComponentVisualizers (352)
[2017.05.18-11.46.44:628][628]LogModuleManager: Shutting down and abandoning module DetailCustomizations (350)
[2017.05.18-11.46.44:628][628]LogModuleManager: Shutting down and abandoning module PackagesDialog (348)
[2017.05.18-11.46.44:628][628]LogModuleManager: Shutting down and abandoning module Persona (346)
[2017.05.18-11.46.44:628][628]LogModuleManager: Shutting down and abandoning module AnimGraph (345)
[2017.05.18-11.46.44:628][628]LogModuleManager: Shutting down and abandoning module Kismet (342)
[2017.05.18-11.46.44:629][628]LogModuleManager: Shutting down and abandoning module GraphEditor (340)
[2017.05.18-11.46.44:629][628]LogModuleManager: Shutting down and abandoning module ClassViewer (338)
[2017.05.18-11.46.44:629][628]LogModuleManager: Shutting down and abandoning module Toolbox (336)
[2017.05.18-11.46.44:629][628]LogModuleManager: Shutting down and abandoning module ModuleUI (334)
[2017.05.18-11.46.44:629][628]LogModuleManager: Shutting down and abandoning module MovieSceneTools (332)
[2017.05.18-11.46.44:629][628]LogModuleManager: Shutting down and abandoning module OutputLog (330)
[2017.05.18-11.46.44:629][628]LogModuleManager: Shutting down and abandoning module GammaUI (328)
[2017.05.18-11.46.44:629][628]LogModuleManager: Shutting down and abandoning module Documentation (326)
[2017.05.18-11.46.44:629][628]LogModuleManager: Shutting down and abandoning module Niagara (324)
[2017.05.18-11.46.44:629][628]LogModuleManager: Shutting down and abandoning module StreamingPauseRendering (322)
[2017.05.18-11.46.44:629][628]LogModuleManager: Shutting down and abandoning module AnalyticsET (320)
[2017.05.18-11.46.44:629][628]LogModuleManager: Shutting down and abandoning module PortalServices (318)
[2017.05.18-11.46.44:629][628]LogModuleManager: Shutting down and abandoning module PortalRpc (316)
[2017.05.18-11.46.44:629][628]LogModuleManager: Shutting down and abandoning module MessagingRpc (314)
[2017.05.18-11.46.44:629][628]LogModuleManager: Shutting down and abandoning module AIModule (312)
[2017.05.18-11.46.44:629][628]LogModuleManager: Shutting down and abandoning module GameplayDebugger (311)
[2017.05.18-11.46.44:629][628]LogModuleManager: Shutting down and abandoning module AITestSuite (309)
[2017.05.18-11.46.44:629][628]LogModuleManager: Shutting down and abandoning module ProfilerService (306)
[2017.05.18-11.46.44:630][628]LogModuleManager: Shutting down and abandoning module TaskGraph (304)
[2017.05.18-11.46.44:630][628]LogModuleManager: Shutting down and abandoning module SteamVRController (302)
[2017.05.18-11.46.44:630][628]LogModuleManager: Shutting down and abandoning module SteamVR (300)
[2017.05.18-11.46.44:630][628]LogModuleManager: Shutting down and abandoning module ProceduralMeshComponentEditor (298)
[2017.05.18-11.46.44:630][628]LogModuleManager: Shutting down and abandoning module ProceduralMeshComponent (296)
[2017.05.18-11.46.44:630][628]LogModuleManager: Shutting down and abandoning module OculusLibrary (294)
[2017.05.18-11.46.44:630][628]LogModuleManager: Shutting down and abandoning module OculusInput (292)
[2017.05.18-11.46.44:630][628]LogModuleManager: Shutting down and abandoning module MobilePatchingUtils (290)
[2017.05.18-11.46.44:630][628]LogModuleManager: Shutting down and abandoning module CustomMeshComponent (288)
[2017.05.18-11.46.44:630][628]LogModuleManager: Shutting down and abandoning module CableComponent (286)
[2017.05.18-11.46.44:630][628]LogModuleManager: Shutting down and abandoning module ArchVisCharacter (284)
[2017.05.18-11.46.44:630][628]LogModuleManager: Shutting down and abandoning module MediaPlayerEditor (280)
[2017.05.18-11.46.44:630][628]LogModuleManager: Shutting down and abandoning module HTML5Networking (278)
[2017.05.18-11.46.44:630][628]LogModuleManager: Shutting down and abandoning module AlembicImporter (276)
[2017.05.18-11.46.44:630][628]LogModuleManager: Shutting down and abandoning module AlembicLibrary (275)
[2017.05.18-11.46.44:630][628]LogModuleManager: Shutting down and abandoning module GeometryCache (274)
[2017.05.18-11.46.44:630][628]LogModuleManager: Shutting down and abandoning module GeometryCacheEd (273)
[2017.05.18-11.46.44:630][628]LogModuleManager: Shutting down and abandoning module SuperSearchEditor (268)
[2017.05.18-11.46.44:630][628]LogModuleManager: Shutting down and abandoning module SuperSearch (267)
[2017.05.18-11.46.44:630][628]LogModuleManager: Shutting down and abandoning module SpeedTreeImporter (264)
[2017.05.18-11.46.44:630][628]LogModuleManager: Shutting down and abandoning module PluginBrowser (262)
[2017.05.18-11.46.44:630][628]LogModuleManager: Shutting down and abandoning module MobileLauncherProfileWizard (260)
[2017.05.18-11.46.44:630][628]LogModuleManager: Shutting down and abandoning module EpicSurvey (258)
[2017.05.18-11.46.44:630][628]LogModuleManager: Shutting down and abandoning module VisualStudioSourceCodeAccess (256)
[2017.05.18-11.46.44:630][628]LogModuleManager: Shutting down and abandoning module DesktopPlatform (255)
[2017.05.18-11.46.44:630][628]LogModuleManager: Shutting down and abandoning module UObjectPlugin (252)
[2017.05.18-11.46.44:630][628]LogModuleManager: Shutting down and abandoning module SubversionSourceControl (250)
[2017.05.18-11.46.44:630][628]LogModuleManager: Shutting down and abandoning module PerforceSourceControl (248)
[2017.05.18-11.46.44:630][628]LogModuleManager: Shutting down and abandoning module GitSourceControl (246)
[2017.05.18-11.46.44:630][628]LogModuleManager: Shutting down and abandoning module SourceControl (245)
[2017.05.18-11.46.44:630][628]LogModuleManager: Shutting down and abandoning module LightPropagationVolumeEditor (242)
[2017.05.18-11.46.44:630][628]LogModuleManager: Shutting down and abandoning module PaperTiledImporter (240)
[2017.05.18-11.46.44:630][628]LogModuleManager: Shutting down and abandoning module PaperSpriteSheetImporter (238)
[2017.05.18-11.46.44:630][628]LogModuleManager: Shutting down and abandoning module Paper2DEditor (236)
[2017.05.18-11.46.44:630][628]LogModuleManager: Shutting down and abandoning module MeshPaint (235)
[2017.05.18-11.46.44:630][628]LogModuleManager: Shutting down and abandoning module LevelEditor (233)
[2017.05.18-11.46.44:631][628]LogModuleManager: Shutting down and abandoning module PixelInspectorModule (232)
[2017.05.18-11.46.44:631][628]LogModuleManager: Shutting down and abandoning module MainFrame (230)
[2017.05.18-11.46.44:631][628]LogModuleManager: Shutting down and abandoning module HotReload (229)
[2017.05.18-11.46.44:632][628]LogModuleManager: Shutting down and abandoning module ContentBrowser (225)
[2017.05.18-11.46.44:632][628]LogModuleManager: Shutting down and abandoning module PhysXVehiclesEditor (222)
[2017.05.18-11.46.44:632][628]LogModuleManager: Shutting down and abandoning module PhysXVehicles (220)
[2017.05.18-11.46.44:632][628]LogModuleManager: Shutting down and abandoning module LocationServicesBPLibrary (218)
[2017.05.18-11.46.44:632][628]LogModuleManager: Shutting down and abandoning module UdpMessaging (216)
[2017.05.18-11.46.44:733][628]LogModuleManager: Shutting down and abandoning module TcpMessaging (214)
[2017.05.18-11.46.44:833][628]LogModuleManager: Shutting down and abandoning module GameplayTagsEditor (212)
[2017.05.18-11.46.44:833][628]LogModuleManager: Shutting down and abandoning module FacialAnimationEditor (210)
[2017.05.18-11.46.44:833][628]LogModuleManager: Shutting down and abandoning module FacialAnimation (208)
[2017.05.18-11.46.44:833][628]LogModuleManager: Shutting down and abandoning module LightPropagationVolumeRuntime (206)
[2017.05.18-11.46.44:833][628]LogModuleManager: Shutting down and abandoning module Paper2D (204)
[2017.05.18-11.46.44:833][628]LogModuleManager: Shutting down and abandoning module WindowsMoviePlayer (202)
[2017.05.18-11.46.44:833][628]LogModuleManager: Shutting down and abandoning module WmfMedia (200)
[2017.05.18-11.46.44:833][628]LogModuleManager: Shutting down and abandoning module MfMedia (198)
[2017.05.18-11.46.44:833][628]LogModuleManager: Shutting down and abandoning module MediaAssets (196)
[2017.05.18-11.46.44:833][628]LogModuleManager: Shutting down and abandoning module GameLiveStreaming (194)
[2017.05.18-11.46.44:833][628]LogModuleManager: Shutting down and abandoning module VREditor (192)
[2017.05.18-11.46.44:833][628]LogModuleManager: Shutting down and abandoning module GameplayTasksEditor (190)
[2017.05.18-11.46.44:833][628]LogModuleManager: Shutting down and abandoning module BehaviorTreeEditor (188)
[2017.05.18-11.46.44:833][628]LogModuleManager: Shutting down and abandoning module FunctionalTesting (186)
[2017.05.18-11.46.44:833][628]LogModuleManager: Shutting down and abandoning module CollisionAnalyzer (184)
[2017.05.18-11.46.44:833][628]LogModuleManager: Shutting down and abandoning module UMG (182)
[2017.05.18-11.46.44:833][628]LogModuleManager: Shutting down and abandoning module UMGEditor (181)
[2017.05.18-11.46.44:833][628]LogModuleManager: Shutting down and abandoning module Sequencer (180)
[2017.05.18-11.46.44:833][628]LogModuleManager: Shutting down and abandoning module AssetTools (178)
[2017.05.18-11.46.44:833][628]LogModuleManager: Shutting down and abandoning module MessageLog (177)
[2017.05.18-11.46.44:833][628]LogModuleManager: Shutting down and abandoning module WorkspaceMenuStructure (176)
[2017.05.18-11.46.44:833][628]LogModuleManager: Shutting down and abandoning module SlateReflector (170)
[2017.05.18-11.46.44:833][628]LogModuleManager: Shutting down and abandoning module Slate (168)
[2017.05.18-11.46.44:833][628]LogModuleManager: Shutting down and abandoning module EditorStyle (166)
[2017.05.18-11.46.44:836][628]LogModuleManager: Shutting down and abandoning module SourceCodeAccess (164)
[2017.05.18-11.46.44:836][628]LogModuleManager: Shutting down and abandoning module HeadMountedDisplay (162)
[2017.05.18-11.46.44:836][628]LogModuleManager: Shutting down and abandoning module XAudio2 (160)
[2017.05.18-11.46.44:836][628]LogModuleManager: Shutting down and abandoning module Networking (158)
[2017.05.18-11.46.44:836][628]LogModuleManager: Shutting down and abandoning module Core (154)
[2017.05.18-11.46.44:836][628]LogModuleManager: Shutting down and abandoning module AssetRegistry (152)
[2017.05.18-11.46.44:992][628]LogDirectoryWatcher: A directory notification for '../../../Engine/Content/' was aborted.
[2017.05.18-11.46.44:992][628]LogDirectoryWatcher: A directory notification for '../../../../../../Users/neonc/Desktop/해오라기/Jhj0518/Jhj0518/Content/' was aborted.
[2017.05.18-11.46.44:992][628]LogDirectoryWatcher: A directory notification for '../../../Engine/Plugins/2D/Paper2D/Content/' was aborted.
[2017.05.18-11.46.44:992][628]LogModuleManager: Shutting down and abandoning module DirectoryWatcher (151)
[2017.05.18-11.46.44:992][628]LogModuleManager: Shutting down and abandoning module KismetCompiler (148)
[2017.05.18-11.46.44:992][628]LogModuleManager: Shutting down and abandoning module PhysXFormats (146)
[2017.05.18-11.46.44:992][628]LogModuleManager: Shutting down and abandoning module MeshUtilities (144)
[2017.05.18-11.46.44:992][628]LogModuleManager: Shutting down and abandoning module SimplygonSwarm (143)
[2017.05.18-11.46.44:992][628]LogModuleManager: Shutting down and abandoning module SimplygonMeshReduction (141)
[2017.05.18-11.46.44:992][628]LogModuleManager: Shutting down and abandoning module QuadricMeshReduction (139)
[2017.05.18-11.46.44:992][628]LogModuleManager: Shutting down and abandoning module PropertyEditor (137)
[2017.05.18-11.46.44:992][628]LogModuleManager: Shutting down and abandoning module DerivedDataCache (134)
[2017.05.18-11.46.45:196][628]LogDerivedDataCache: Shutdown
[2017.05.18-11.46.45:196][628]LogModuleManager: Shutting down and abandoning module TargetPlatform (132)
[2017.05.18-11.46.45:197][628]LogModuleManager: Shutting down and abandoning module VulkanShaderFormat (131)
[2017.05.18-11.46.45:197][628]LogModuleManager: Shutting down and abandoning module ShaderFormatOpenGL (129)
[2017.05.18-11.46.45:197][628]LogModuleManager: Shutting down and abandoning module ShaderFormatD3D (127)
[2017.05.18-11.46.45:197][628]LogModuleManager: Shutting down and abandoning module MetalShaderFormat (125)
[2017.05.18-11.46.45:197][628]LogModuleManager: Shutting down and abandoning module TextureFormatUncompressed (123)
[2017.05.18-11.46.45:197][628]LogModuleManager: Shutting down and abandoning module TextureFormatPVR (121)
[2017.05.18-11.46.45:197][628]LogModuleManager: Shutting down and abandoning module TextureFormatDXT (119)
[2017.05.18-11.46.45:197][628]LogModuleManager: Shutting down and abandoning module TextureFormatIntelISPCTexComp (117)
[2017.05.18-11.46.45:197][628]LogModuleManager: Shutting down and abandoning module TextureFormatASTC (115)
[2017.05.18-11.46.45:197][628]LogModuleManager: Shutting down and abandoning module ImageWrapper (114)
[2017.05.18-11.46.45:197][628]LogModuleManager: Shutting down and abandoning module TextureFormatAndroid (111)
[2017.05.18-11.46.45:197][628]LogModuleManager: Shutting down and abandoning module AudioFormatOpus (109)
[2017.05.18-11.46.45:197][628]LogModuleManager: Shutting down and abandoning module AudioFormatOgg (107)
[2017.05.18-11.46.45:197][628]LogModuleManager: Shutting down and abandoning module AudioFormatADPCM (105)
[2017.05.18-11.46.45:197][628]LogModuleManager: Shutting down and abandoning module LinuxTargetPlatform (103)
[2017.05.18-11.46.45:197][628]LogModuleManager: Shutting down and abandoning module LinuxServerTargetPlatform (101)
[2017.05.18-11.46.45:197][628]LogModuleManager: Shutting down and abandoning module LinuxNoEditorTargetPlatform (99)
[2017.05.18-11.46.45:197][628]LogModuleManager: Shutting down and abandoning module LinuxClientTargetPlatform (97)
[2017.05.18-11.46.45:197][628]LogModuleManager: Shutting down and abandoning module TVOSTargetPlatform (95)
[2017.05.18-11.46.45:197][628]LogModuleManager: Shutting down and abandoning module Messaging (93)
[2017.05.18-11.46.45:197][628]LogModuleManager: Shutting down and abandoning module IOSTargetPlatform (91)
[2017.05.18-11.46.45:197][628]LogModuleManager: Shutting down and abandoning module HTML5TargetPlatform (89)
[2017.05.18-11.46.45:197][628]LogModuleManager: Shutting down and abandoning module Android_PVRTCTargetPlatform (87)
[2017.05.18-11.46.45:197][628]LogModuleManager: Shutting down and abandoning module Android_MultiTargetPlatform (85)
[2017.05.18-11.46.45:197][628]LogModuleManager: Shutting down and abandoning module Android_ETC2TargetPlatform (83)
[2017.05.18-11.46.45:197][628]LogModuleManager: Shutting down and abandoning module Android_ETC1TargetPlatform (81)
[2017.05.18-11.46.45:197][628]LogModuleManager: Shutting down and abandoning module Android_DXTTargetPlatform (79)
[2017.05.18-11.46.45:197][628]LogModuleManager: Shutting down and abandoning module Android_ATCTargetPlatform (77)
[2017.05.18-11.46.45:197][628]LogModuleManager: Shutting down and abandoning module Android_ASTCTargetPlatform (75)
[2017.05.18-11.46.45:197][628]LogModuleManager: Shutting down and abandoning module AndroidTargetPlatform (73)
[2017.05.18-11.46.45:197][628]LogModuleManager: Shutting down and abandoning module WindowsTargetPlatform (71)
[2017.05.18-11.46.45:197][628]LogModuleManager: Shutting down and abandoning module WindowsServerTargetPlatform (69)
[2017.05.18-11.46.45:197][628]LogModuleManager: Shutting down and abandoning module WindowsNoEditorTargetPlatform (67)
[2017.05.18-11.46.45:197][628]LogModuleManager: Shutting down and abandoning module WindowsClientTargetPlatform (65)
[2017.05.18-11.46.45:197][628]LogModuleManager: Shutting down and abandoning module MacTargetPlatform (63)
[2017.05.18-11.46.45:197][628]LogModuleManager: Shutting down and abandoning module MacServerTargetPlatform (61)
[2017.05.18-11.46.45:197][628]LogModuleManager: Shutting down and abandoning module MacNoEditorTargetPlatform (59)
[2017.05.18-11.46.45:197][628]LogModuleManager: Shutting down and abandoning module MacClientTargetPlatform (57)
[2017.05.18-11.46.45:197][628]LogModuleManager: Shutting down and abandoning module AllDesktopTargetPlatform (55)
[2017.05.18-11.46.45:197][628]LogModuleManager: Shutting down and abandoning module InputCore (52)
[2017.05.18-11.46.45:197][628]LogModuleManager: Shutting down and abandoning module Settings (50)
[2017.05.18-11.46.45:197][628]LogModuleManager: Shutting down and abandoning module OculusRift (48)
[2017.05.18-11.46.45:197][628]LogModuleManager: Shutting down and abandoning module GearVR (46)
[2017.05.18-11.46.45:197][628]LogModuleManager: Shutting down and abandoning module ExampleDeviceProfileSelector (44)
[2017.05.18-11.46.45:197][628]LogModuleManager: Shutting down and abandoning module OnlineBlueprintSupport (42)
[2017.05.18-11.46.45:197][628]LogModuleManager: Shutting down and abandoning module OnlineSubsystem (38)
[2017.05.18-11.46.45:197][628]LogOnline:Display: Unloading online subsystem: NULL
[2017.05.18-11.46.45:197][628]LogModuleManager: Shutting down and abandoning module XMPP (37)
[2017.05.18-11.46.45:197][628]LogModuleManager: Shutting down and abandoning module HTTP (35)
[2017.05.18-11.46.45:197][628]LogHttp:Display: Http module shutting down, but needs to wait on 2 outstanding Http requests:
[2017.05.18-11.46.45:197][628]LogHttp:Display: 	verb=[POST] url=[https://datarouter.ol.epicgames.com/datarouter/api/v1/public/data?SessionID=%7B21E04846-4453-6ADA-4FBC-779FB15238DE%7D&AppID=UEEditor.Rocket.Release&AppVersion=4.15.1-3348071%2B%2B%2BUE4%2BRelease-4.15&UserID=b9e43040498b49cb0bac69bb44dbcde0%7C3d095c8d33ce4878b6d64bb5a7009d21%7Cc7958f3b-f8ff-46e6-a314-a2e45170ec4a&AppEnvironment=datacollector-binary&UploadType=eteventstream] status=Processing
[2017.05.18-11.46.45:197][628]LogHttp:Display: 	verb=[POST] url=[https://datarouter.ol.epicgames.com/datarouter/api/v1/public/data?SessionID=%7B21E04846-4453-6ADA-4FBC-779FB15238DE%7D&AppID=UEEditor.Rocket.Release&AppVersion=4.15.1-3348071%2B%2B%2BUE4%2BRelease-4.15&UserID=b9e43040498b49cb0bac69bb44dbcde0%7C3d095c8d33ce4878b6d64bb5a7009d21%7Cc7958f3b-f8ff-46e6-a314-a2e45170ec4a&AppEnvironment=datacollector-binary&UploadType=eteventstream] status=Processing
[2017.05.18-11.46.45:214][628]LogModuleManager: Shutting down and abandoning module SSL (34)
[2017.05.18-11.46.45:215][628]LogModuleManager: Shutting down and abandoning module AudioEditor (30)
[2017.05.18-11.46.45:215][628]LogModuleManager: Shutting down and abandoning module TextureCompressor (28)
[2017.05.18-11.46.45:215][628]LogModuleManager: Shutting down and abandoning module ShaderCore (26)
[2017.05.18-11.46.45:215][628]LogModuleManager: Shutting down and abandoning module Landscape (24)
[2017.05.18-11.46.45:215][628]LogModuleManager: Shutting down and abandoning module SlateRHIRenderer (22)
[2017.05.18-11.46.45:216][628]LogModuleManager: Shutting down and abandoning module OpenGLDrv (20)
[2017.05.18-11.46.45:216][628]LogModuleManager: Shutting down and abandoning module D3D11RHI (18)
[2017.05.18-11.46.45:216][628]LogModuleManager: Shutting down and abandoning module AnimGraphRuntime (16)
[2017.05.18-11.46.45:216][628]LogModuleManager: Shutting down and abandoning module Renderer (14)
[2017.05.18-11.46.45:216][628]LogModuleManager: Shutting down and abandoning module Engine (12)
[2017.05.18-11.46.45:216][628]LogModuleManager: Shutting down and abandoning module CoreUObject (10)
[2017.05.18-11.46.45:216][628]LogModuleManager: Shutting down and abandoning module NetworkFile (8)
[2017.05.18-11.46.45:216][628]LogModuleManager: Shutting down and abandoning module StreamingFile (6)
[2017.05.18-11.46.45:216][628]LogModuleManager: Shutting down and abandoning module SandboxFile (4)
[2017.05.18-11.46.45:216][628]LogModuleManager: Shutting down and abandoning module PakFile (2)
[2017.05.18-11.46.45:217][628]LogExit: Exiting.
[2017.05.18-11.46.45:228][628]Log file closed, 05/18/17 20:46:45
